[debug] [2024-11-08T01:00:00.908Z] ----------------------------------------------------------------------
[debug] [2024-11-08T01:00:00.910Z] Command:       C:\Program Files\nodejs\node.exe C:\Users\temi\AppData\Roaming\npm\node_modules\firebase-tools\lib\bin\firebase.js init
[debug] [2024-11-08T01:00:00.910Z] CLI Version:   13.24.2
[debug] [2024-11-08T01:00:00.910Z] Platform:      win32
[debug] [2024-11-08T01:00:00.911Z] Node Version:  v20.5.0
[debug] [2024-11-08T01:00:00.911Z] Time:          Fri Nov 08 2024 02:00:00 GMT+0100 (Central European Standard Time)
[debug] [2024-11-08T01:00:00.911Z] ----------------------------------------------------------------------
[debug] 
[debug] [2024-11-08T01:00:00.916Z] > command requires scopes: ["email","openid","https://www.googleapis.com/auth/cloudplatformprojects.readonly","https://www.googleapis.com/auth/firebase","https://www.googleapis.com/auth/cloud-platform"]
[debug] [2024-11-08T01:00:00.916Z] > authorizing via signed-in user (temi1010100@gmail.com)
[info] 
     ######## #### ########  ######## ########     ###     ######  ########
     ##        ##  ##     ## ##       ##     ##  ##   ##  ##       ##
     ######    ##  ########  ######   ########  #########  ######  ######
     ##        ##  ##    ##  ##       ##     ## ##     ##       ## ##
     ##       #### ##     ## ######## ########  ##     ##  ######  ########

You're about to initialize a Firebase project in this directory:

  C:\Users\temi\open

[info] 
=== Project Setup
[info] 
[info] First, let's associate this project directory with a Firebase project.
[info] You can create multiple project aliases by running firebase use --add, 
[info] but for now we'll just set up a default project.
[info] 
[info] i  If you want to create a project in a Google Cloud organization or folder, please use "firebase projects:create" instead, and return to this command when you've created the project. 
[debug] [2024-11-08T01:00:26.728Z] Checked if tokens are valid: true, expires at: 1731030867411
[debug] [2024-11-08T01:00:26.729Z] Checked if tokens are valid: true, expires at: 1731030867411
[debug] [2024-11-08T01:00:26.730Z] >>> [apiv2][query] POST https://cloudresourcemanager.googleapis.com/v1/projects [none]
[debug] [2024-11-08T01:00:26.730Z] >>> [apiv2][body] POST https://cloudresourcemanager.googleapis.com/v1/projects {"projectId":"i","name":"open1234"}
[debug] [2024-11-08T01:00:28.339Z] <<< [apiv2][status] POST https://cloudresourcemanager.googleapis.com/v1/projects 400
[debug] [2024-11-08T01:00:28.340Z] <<< [apiv2][body] POST https://cloudresourcemanager.googleapis.com/v1/projects {"error":{"code":400,"message":"Request contains an invalid argument.","status":"INVALID_ARGUMENT","details":[{"@type":"type.googleapis.com/google.rpc.BadRequest","fieldViolations":[{"field":"project_id","description":"project_id must be at least 6 characters long"},{"field":"project_id","description":"project_id contains invalid characters"}]},{"@type":"type.googleapis.com/google.rpc.Help","links":[{"url":"https://cloud.google.com/resource-manager/reference/rest/v1/projects"}]}]}}
[debug] [2024-11-08T01:00:29.043Z] FirebaseError: Request to https://cloudresourcemanager.googleapis.com/v1/projects had HTTP Error: 400, Request contains an invalid argument.
    at responseToError (C:\Users\temi\AppData\Roaming\npm\node_modules\firebase-tools\lib\responseToError.js:52:12)
    at RetryOperation._fn (C:\Users\temi\AppData\Roaming\npm\node_modules\firebase-tools\lib\apiv2.js:312:77)
    at process.processTicksAndRejections (node:internal/process/task_queues:95:5)
[error] 
[error] Error: Failed to create project. See firebase-debug.log for more info.
[debug] [2024-11-08T01:00:44.915Z] ----------------------------------------------------------------------
[debug] [2024-11-08T01:00:44.918Z] Command:       C:\Program Files\nodejs\node.exe C:\Users\temi\AppData\Roaming\npm\node_modules\firebase-tools\lib\bin\firebase.js init
[debug] [2024-11-08T01:00:44.918Z] CLI Version:   13.24.2
[debug] [2024-11-08T01:00:44.918Z] Platform:      win32
[debug] [2024-11-08T01:00:44.918Z] Node Version:  v20.5.0
[debug] [2024-11-08T01:00:44.918Z] Time:          Fri Nov 08 2024 02:00:44 GMT+0100 (Central European Standard Time)
[debug] [2024-11-08T01:00:44.918Z] ----------------------------------------------------------------------
[debug] 
[debug] [2024-11-08T01:00:44.923Z] > command requires scopes: ["email","openid","https://www.googleapis.com/auth/cloudplatformprojects.readonly","https://www.googleapis.com/auth/firebase","https://www.googleapis.com/auth/cloud-platform"]
[debug] [2024-11-08T01:00:44.923Z] > authorizing via signed-in user (temi1010100@gmail.com)
[info] 
     ######## #### ########  ######## ########     ###     ######  ########
     ##        ##  ##     ## ##       ##     ##  ##   ##  ##       ##
     ######    ##  ########  ######   ########  #########  ######  ######
     ##        ##  ##    ##  ##       ##     ## ##     ##       ## ##
     ##       #### ##     ## ######## ########  ##     ##  ######  ########

You're about to initialize a Firebase project in this directory:

  C:\Users\temi\open

[info] 
=== Project Setup
[info] 
[info] First, let's associate this project directory with a Firebase project.
[info] You can create multiple project aliases by running firebase use --add, 
[info] but for now we'll just set up a default project.
[info] 
[info] i  If you want to create a project in a Google Cloud organization or folder, please use "firebase projects:create" instead, and return to this command when you've created the project. 
[debug] [2024-11-08T01:01:21.705Z] Checked if tokens are valid: true, expires at: 1731030867411
[debug] [2024-11-08T01:01:21.705Z] Checked if tokens are valid: true, expires at: 1731030867411
[debug] [2024-11-08T01:01:21.707Z] >>> [apiv2][query] POST https://cloudresourcemanager.googleapis.com/v1/projects [none]
[debug] [2024-11-08T01:01:21.707Z] >>> [apiv2][body] POST https://cloudresourcemanager.googleapis.com/v1/projects {"projectId":"open123","name":"opensource1234"}
[debug] [2024-11-08T01:01:24.682Z] <<< [apiv2][status] POST https://cloudresourcemanager.googleapis.com/v1/projects 409
[debug] [2024-11-08T01:01:24.682Z] <<< [apiv2][body] POST https://cloudresourcemanager.googleapis.com/v1/projects {"error":{"code":409,"message":"Requested entity already exists","status":"ALREADY_EXISTS"}}
[debug] [2024-11-08T01:01:25.383Z] FirebaseError: Request to https://cloudresourcemanager.googleapis.com/v1/projects had HTTP Error: 409, Requested entity already exists
    at responseToError (C:\Users\temi\AppData\Roaming\npm\node_modules\firebase-tools\lib\responseToError.js:52:12)
    at RetryOperation._fn (C:\Users\temi\AppData\Roaming\npm\node_modules\firebase-tools\lib\apiv2.js:312:77)
    at process.processTicksAndRejections (node:internal/process/task_queues:95:5)
[error] 
[error] Error: Failed to create project because there is already a project with ID open123. Please try again with a unique project ID.
[debug] [2024-11-08T01:01:41.039Z] ----------------------------------------------------------------------
[debug] [2024-11-08T01:01:41.041Z] Command:       C:\Program Files\nodejs\node.exe C:\Users\temi\AppData\Roaming\npm\node_modules\firebase-tools\lib\bin\firebase.js init
[debug] [2024-11-08T01:01:41.041Z] CLI Version:   13.24.2
[debug] [2024-11-08T01:01:41.041Z] Platform:      win32
[debug] [2024-11-08T01:01:41.041Z] Node Version:  v20.5.0
[debug] [2024-11-08T01:01:41.042Z] Time:          Fri Nov 08 2024 02:01:41 GMT+0100 (Central European Standard Time)
[debug] [2024-11-08T01:01:41.042Z] ----------------------------------------------------------------------
[debug] 
[debug] [2024-11-08T01:01:41.046Z] > command requires scopes: ["email","openid","https://www.googleapis.com/auth/cloudplatformprojects.readonly","https://www.googleapis.com/auth/firebase","https://www.googleapis.com/auth/cloud-platform"]
[debug] [2024-11-08T01:01:41.046Z] > authorizing via signed-in user (temi1010100@gmail.com)
[info] 
     ######## #### ########  ######## ########     ###     ######  ########
     ##        ##  ##     ## ##       ##     ##  ##   ##  ##       ##
     ######    ##  ########  ######   ########  #########  ######  ######
     ##        ##  ##    ##  ##       ##     ## ##     ##       ## ##
     ##       #### ##     ## ######## ########  ##     ##  ######  ########

You're about to initialize a Firebase project in this directory:

  C:\Users\temi\open

[info] 
=== Project Setup
[info] 
[info] First, let's associate this project directory with a Firebase project.
[info] You can create multiple project aliases by running firebase use --add, 
[info] but for now we'll just set up a default project.
[info] 
[info] i  If you want to create a project in a Google Cloud organization or folder, please use "firebase projects:create" instead, and return to this command when you've created the project. 
[debug] [2024-11-08T01:02:12.710Z] Checked if tokens are valid: true, expires at: 1731030867411
[debug] [2024-11-08T01:02:12.710Z] Checked if tokens are valid: true, expires at: 1731030867411
[debug] [2024-11-08T01:02:12.711Z] >>> [apiv2][query] POST https://cloudresourcemanager.googleapis.com/v1/projects [none]
[debug] [2024-11-08T01:02:12.711Z] >>> [apiv2][body] POST https://cloudresourcemanager.googleapis.com/v1/projects {"projectId":"open2345","name":"opensourceprojects12345"}
[debug] [2024-11-08T01:02:14.712Z] <<< [apiv2][status] POST https://cloudresourcemanager.googleapis.com/v1/projects 200
[debug] [2024-11-08T01:02:14.712Z] <<< [apiv2][body] POST https://cloudresourcemanager.googleapis.com/v1/projects {"name":"operations/cp.8826470203760991730"}
[debug] [2024-11-08T01:02:14.713Z] Checked if tokens are valid: true, expires at: 1731030867411
[debug] [2024-11-08T01:02:14.713Z] Checked if tokens are valid: true, expires at: 1731030867411
[debug] [2024-11-08T01:02:14.713Z] >>> [apiv2][query] GET https://cloudresourcemanager.googleapis.com/v1/operations/cp.8826470203760991730 [none]
[debug] [2024-11-08T01:02:16.077Z] <<< [apiv2][status] GET https://cloudresourcemanager.googleapis.com/v1/operations/cp.8826470203760991730 200
[debug] [2024-11-08T01:02:16.078Z] <<< [apiv2][body] GET https://cloudresourcemanager.googleapis.com/v1/operations/cp.8826470203760991730 {"name":"operations/cp.8826470203760991730"}
[debug] [2024-11-08T01:02:16.589Z] [Project Creation Poller] Retrying task index 0
[debug] [2024-11-08T01:02:16.590Z] Checked if tokens are valid: true, expires at: 1731030867411
[debug] [2024-11-08T01:02:16.590Z] Checked if tokens are valid: true, expires at: 1731030867411
[debug] [2024-11-08T01:02:16.590Z] >>> [apiv2][query] GET https://cloudresourcemanager.googleapis.com/v1/operations/cp.8826470203760991730 [none]
[debug] [2024-11-08T01:02:17.091Z] <<< [apiv2][status] GET https://cloudresourcemanager.googleapis.com/v1/operations/cp.8826470203760991730 200
[debug] [2024-11-08T01:02:17.091Z] <<< [apiv2][body] GET https://cloudresourcemanager.googleapis.com/v1/operations/cp.8826470203760991730 {"name":"operations/cp.8826470203760991730","metadata":{"@type":"type.googleapis.com/google.cloudresourcemanager.v1.ProjectCreationStatus","gettable":true}}
[debug] [2024-11-08T01:02:18.099Z] [Project Creation Poller] Retrying task index 0
[debug] [2024-11-08T01:02:18.100Z] Checked if tokens are valid: true, expires at: 1731030867411
[debug] [2024-11-08T01:02:18.100Z] Checked if tokens are valid: true, expires at: 1731030867411
[debug] [2024-11-08T01:02:18.100Z] >>> [apiv2][query] GET https://cloudresourcemanager.googleapis.com/v1/operations/cp.8826470203760991730 [none]
[debug] [2024-11-08T01:02:18.608Z] <<< [apiv2][status] GET https://cloudresourcemanager.googleapis.com/v1/operations/cp.8826470203760991730 200
[debug] [2024-11-08T01:02:18.608Z] <<< [apiv2][body] GET https://cloudresourcemanager.googleapis.com/v1/operations/cp.8826470203760991730 {"name":"operations/cp.8826470203760991730","metadata":{"@type":"type.googleapis.com/google.cloudresourcemanager.v1.ProjectCreationStatus","gettable":true,"ready":true},"done":true,"response":{"@type":"type.googleapis.com/google.cloudresourcemanager.v1.Project","projectNumber":"374275698337","projectId":"open2345","lifecycleState":"ACTIVE","name":"opensourceprojects12345","createTime":"2024-11-08T01:02:17.305817Z"}}
[debug] [2024-11-08T01:02:18.610Z] Checked if tokens are valid: true, expires at: 1731030867411
[debug] [2024-11-08T01:02:18.610Z] Checked if tokens are valid: true, expires at: 1731030867411
[debug] [2024-11-08T01:02:18.610Z] >>> [apiv2][query] POST https://firebase.googleapis.com/v1beta1/projects/open2345:addFirebase [none]
[debug] [2024-11-08T01:02:20.378Z] <<< [apiv2][status] POST https://firebase.googleapis.com/v1beta1/projects/open2345:addFirebase 403
[debug] [2024-11-08T01:02:20.378Z] <<< [apiv2][body] POST https://firebase.googleapis.com/v1beta1/projects/open2345:addFirebase {"error":{"code":403,"message":"The caller does not have permission","status":"PERMISSION_DENIED"}}
[debug] [2024-11-08T01:02:20.379Z] Request to https://firebase.googleapis.com/v1beta1/projects/open2345:addFirebase had HTTP Error: 403, The caller does not have permission
[debug] [2024-11-08T01:02:21.046Z] FirebaseError: Request to https://firebase.googleapis.com/v1beta1/projects/open2345:addFirebase had HTTP Error: 403, The caller does not have permission
    at responseToError (C:\Users\temi\AppData\Roaming\npm\node_modules\firebase-tools\lib\responseToError.js:52:12)
    at RetryOperation._fn (C:\Users\temi\AppData\Roaming\npm\node_modules\firebase-tools\lib\apiv2.js:312:77)
    at process.processTicksAndRejections (node:internal/process/task_queues:95:5)
[error] 
[error] Error: Failed to add Firebase to Google Cloud Platform project. See firebase-debug.log for more info.
